[debug] [2022-12-09T15:10:57.716Z] ----------------------------------------------------------------------
[debug] [2022-12-09T15:10:57.717Z] Command:       /opt/homebrew/Cellar/node/18.10.0/bin/node /opt/homebrew/bin/firebase init
[debug] [2022-12-09T15:10:57.717Z] CLI Version:   9.23.1
[debug] [2022-12-09T15:10:57.717Z] Platform:      darwin
[debug] [2022-12-09T15:10:57.717Z] Node Version:  v18.10.0
[debug] [2022-12-09T15:10:57.718Z] Time:          Fri Dec 09 2022 16:10:57 GMT+0100 (heure normale d’Europe centrale)
[debug] [2022-12-09T15:10:57.718Z] ----------------------------------------------------------------------
[debug] 
[debug] [2022-12-09T15:10:57.719Z] >>> [apiv2][query] GET https://firebase-public.firebaseio.com/cli.json [none]
[debug] [2022-12-09T15:10:57.729Z] > command requires scopes: ["email","openid","https://www.googleapis.com/auth/cloudplatformprojects.readonly","https://www.googleapis.com/auth/firebase","https://www.googleapis.com/auth/cloud-platform"]
[debug] [2022-12-09T15:10:57.729Z] > authorizing via signed-in user (cc.chaine@free.fr)
[info] 
     ######## #### ########  ######## ########     ###     ######  ########
     ##        ##  ##     ## ##       ##     ##  ##   ##  ##       ##
     ######    ##  ########  ######   ########  #########  ######  ######
     ##        ##  ##    ##  ##       ##     ## ##     ##       ## ##
     ##       #### ##     ## ######## ########  ##     ##  ######  ########

You're about to initialize a Firebase project in this directory:

  /Users/cchaine/Desktop/Documents/projects/chords-app

[debug] [2022-12-09T15:10:58.015Z] <<< [apiv2][status] GET https://firebase-public.firebaseio.com/cli.json 200
[debug] [2022-12-09T15:10:58.015Z] <<< [apiv2][body] GET https://firebase-public.firebaseio.com/cli.json {"cloudBuildErrorAfter":1594252800000,"cloudBuildWarnAfter":1590019200000,"defaultNode10After":1594252800000,"minVersion":"3.0.5","node8DeploysDisabledAfter":1613390400000,"node8RuntimeDisabledAfter":1615809600000,"node8WarnAfter":1600128000000}
[info] 
=== Project Setup
[info] 
[info] First, let's associate this project directory with a Firebase project.
[info] You can create multiple project aliases by running firebase use --add, 
[info] but for now we'll just set up a default project.
[info] 
[debug] [2022-12-09T15:11:31.314Z] > refreshing access token with scopes: []
[debug] [2022-12-09T15:11:31.314Z] >>> HTTP REQUEST POST https://www.googleapis.com/oauth2/v3/token  
 <request body omitted>
[debug] [2022-12-09T15:11:32.383Z] <<< HTTP RESPONSE 400 {"pragma":"no-cache","date":"Fri, 09 Dec 2022 15:11:32 GMT","expires":"Mon, 01 Jan 1990 00:00:00 GMT","cache-control":"no-cache, no-store, max-age=0, must-revalidate","content-type":"application/json; charset=utf-8","vary":"X-Origin, Referer, Origin,Accept-Encoding","server":"scaffolding on HTTPServer2","x-xss-protection":"0","x-frame-options":"SAMEORIGIN","x-content-type-options":"nosniff","alt-svc":"h3=\":443\"; ma=2592000,h3-29=\":443\"; ma=2592000,h3-Q050=\":443\"; ma=2592000,h3-Q046=\":443\"; ma=2592000,h3-Q043=\":443\"; ma=2592000,quic=\":443\"; ma=2592000; v=\"46,43\"","accept-ranges":"none","transfer-encoding":"chunked"}
[debug] [2022-12-09T15:11:32.385Z] >>> [apiv2][query] GET https://firebase.googleapis.com/v1beta1/projects pageSize=100
[debug] [2022-12-09T15:11:32.494Z] <<< [apiv2][status] GET https://firebase.googleapis.com/v1beta1/projects 401
[debug] [2022-12-09T15:11:32.494Z] <<< [apiv2][body] GET https://firebase.googleapis.com/v1beta1/projects [omitted]
[debug] [2022-12-09T15:11:32.495Z] HTTP Error: 401, Request had invalid authentication credentials. Expected OAuth 2 access token, login cookie or other valid authentication credential. See https://developers.google.com/identity/sign-in/web/devconsole-project.
[debug] [2022-12-09T15:11:32.496Z] FirebaseError: HTTP Error: 401, Request had invalid authentication credentials. Expected OAuth 2 access token, login cookie or other valid authentication credential. See https://developers.google.com/identity/sign-in/web/devconsole-project.
    at module.exports (/opt/homebrew/lib/node_modules/firebase-tools/lib/responseToError.js:38:12)
    at Client.doRequest (/opt/homebrew/lib/node_modules/firebase-tools/lib/apiv2.js:241:23)
    at process.processTicksAndRejections (node:internal/process/task_queues:95:5)
    at async Client.request (/opt/homebrew/lib/node_modules/firebase-tools/lib/apiv2.js:96:20)
    at async getProjectPage (/opt/homebrew/lib/node_modules/firebase-tools/lib/management/projects.js:233:17)
    at async getFirebaseProjectPage (/opt/homebrew/lib/node_modules/firebase-tools/lib/management/projects.js:250:23)
    at async selectProjectInteractively (/opt/homebrew/lib/node_modules/firebase-tools/lib/management/projects.js:95:41)
    at async Object.doSetup [as project] (/opt/homebrew/lib/node_modules/firebase-tools/lib/init/features/project.js:88:27)
    at async init (/opt/homebrew/lib/node_modules/firebase-tools/lib/init/index.js:19:9)
[error] 
[error] Error: Failed to list Firebase projects. See firebase-debug.log for more info.
